Determining if the pthread_create exist failed with the following output:
Change Dir: /home/yufeifeng/workspace/catkin_ws/build/CMakeFiles/CMakeTmp

Run Build Command:"/usr/bin/make" "cmTC_05434/fast"
/usr/bin/make -f CMakeFiles/cmTC_05434.dir/build.make CMakeFiles/cmTC_05434.dir/build
make[1]: Entering directory '/home/yufeifeng/workspace/catkin_ws/build/CMakeFiles/CMakeTmp'
Building C object CMakeFiles/cmTC_05434.dir/CheckSymbolExists.c.o
/usr/bin/cc    -o CMakeFiles/cmTC_05434.dir/CheckSymbolExists.c.o   -c /home/yufeifeng/workspace/catkin_ws/build/CMakeFiles/CMakeTmp/CheckSymbolExists.c
Linking C executable cmTC_05434
/usr/bin/cmake -E cmake_link_script CMakeFiles/cmTC_05434.dir/link.txt --verbose=1
/usr/bin/cc      -rdynamic CMakeFiles/cmTC_05434.dir/CheckSymbolExists.c.o  -o cmTC_05434 
CMakeFiles/cmTC_05434.dir/CheckSymbolExists.c.o: In function `main':
CheckSymbolExists.c:(.text+0x1b): undefined reference to `pthread_create'
collect2: error: ld returned 1 exit status
CMakeFiles/cmTC_05434.dir/build.make:97: recipe for target 'cmTC_05434' failed
make[1]: *** [cmTC_05434] Error 1
make[1]: Leaving directory '/home/yufeifeng/workspace/catkin_ws/build/CMakeFiles/CMakeTmp'
Makefile:126: recipe for target 'cmTC_05434/fast' failed
make: *** [cmTC_05434/fast] Error 2

File /home/yufeifeng/workspace/catkin_ws/build/CMakeFiles/CMakeTmp/CheckSymbolExists.c:
/* */
#include <pthread.h>

int main(int argc, char** argv)
{
  (void)argv;
#ifndef pthread_create
  return ((int*)(&pthread_create))[argc];
#else
  (void)argc;
  return 0;
#endif
}

Determining if the function pthread_create exists in the pthreads failed with the following output:
Change Dir: /home/yufeifeng/workspace/catkin_ws/build/CMakeFiles/CMakeTmp

Run Build Command:"/usr/bin/make" "cmTC_043af/fast"
/usr/bin/make -f CMakeFiles/cmTC_043af.dir/build.make CMakeFiles/cmTC_043af.dir/build
make[1]: Entering directory '/home/yufeifeng/workspace/catkin_ws/build/CMakeFiles/CMakeTmp'
Building C object CMakeFiles/cmTC_043af.dir/CheckFunctionExists.c.o
/usr/bin/cc   -DCHECK_FUNCTION_EXISTS=pthread_create   -o CMakeFiles/cmTC_043af.dir/CheckFunctionExists.c.o   -c /usr/share/cmake-3.10/Modules/CheckFunctionExists.c
Linking C executable cmTC_043af
/usr/bin/cmake -E cmake_link_script CMakeFiles/cmTC_043af.dir/link.txt --verbose=1
/usr/bin/cc  -DCHECK_FUNCTION_EXISTS=pthread_create    -rdynamic CMakeFiles/cmTC_043af.dir/CheckFunctionExists.c.o  -o cmTC_043af -lpthreads 
/usr/bin/ld: cannot find -lpthreads
collect2: error: ld returned 1 exit status
CMakeFiles/cmTC_043af.dir/build.make:97: recipe for target 'cmTC_043af' failed
make[1]: *** [cmTC_043af] Error 1
make[1]: Leaving directory '/home/yufeifeng/workspace/catkin_ws/build/CMakeFiles/CMakeTmp'
Makefile:126: recipe for target 'cmTC_043af/fast' failed
make: *** [cmTC_043af/fast] Error 2


